<?xml version="1.0" encoding="UTF-8"?>
<testsuite xmlns:xsi="http://www.w3.org/2001/XMLSchema-instance" xsi:noNamespaceSchemaLocation="https://maven.apache.org/surefire/maven-surefire-plugin/xsd/surefire-test-report.xsd" name="testRunner.LoginTestRunner" time="68.724" tests="36" errors="0" skipped="0" failures="0">
  <properties>
[...]
</properties>
  <testcase name="user is on the login page" classname="User shall be able to login if password corresponds to the username" time="9.876"/>
  <testcase name="user is on the login page" classname="User shall be able to login if password corresponds to the username" time="7.942"/>
  <testcase name="user is on the login page" classname="User shall be able to login if password corresponds to the username" time="6.955"/>
  <testcase name="user is on the login page" classname="User shall be able to login if password corresponds to the username" time="7.589"/>
  <testcase name="user is on the login page" classname="User shall be able to login if password corresponds to the username" time="7.569"/>
  <testcase name="user is on the login page" classname="User shall be able to login if password corresponds to the username" time="7.77"/>
  <testcase name="user enters username admin" classname="User shall be able to login if password corresponds to the username" time="0.909"/>
  <testcase name="user enters username admin" classname="User shall be able to login if password corresponds to the username" time="0.717"/>
  <testcase name="user enters password hero" classname="User shall be able to login if password corresponds to the username" time="0.274"/>
  <testcase name="user clicks login button" classname="User shall be able to login if password corresponds to the username" time="0.119"/>
  <testcase name="user clicks login button" classname="User shall be able to login if password corresponds to the username" time="0.135"/>
  <testcase name="user clicks login button" classname="User shall be able to login if password corresponds to the username" time="0.087"/>
  <testcase name="user clicks login button" classname="User shall be able to login if password corresponds to the username" time="0.123"/>
  <testcase name="user clicks login button" classname="User shall be able to login if password corresponds to the username" time="0.035"/>
  <testcase name="user clicks login button" classname="User shall be able to login if password corresponds to the username" time="0.071"/>
  <testcase name="user should see a message Logged in" classname="User shall be able to login if password corresponds to the username" time="0.192"/>
  <testcase name="user should see a message Logged in" classname="User shall be able to login if password corresponds to the username" time="0.141"/>
  <testcase name="user should see a message Logged in" classname="User shall be able to login if password corresponds to the username" time="0.112"/>
  <testcase name="User shall be able to login if password corresponds to the username" classname="User shall be able to login if password corresponds to the username" time="2.204"/>
  <testcase name="User shall be able to login if password corresponds to the username" classname="User shall be able to login if password corresponds to the username" time="2.081"/>
  <testcase name="User shall be able to login if password corresponds to the username" classname="User shall be able to login if password corresponds to the username" time="1.598"/>
  <testcase name="User shall be able to login if password corresponds to the username" classname="User shall be able to login if password corresponds to the username" time="1.971"/>
  <testcase name="User shall be able to login if password corresponds to the username" classname="User shall be able to login if password corresponds to the username" time="1.331"/>
  <testcase name="User shall be able to login if password corresponds to the username" classname="User shall be able to login if password corresponds to the username" time="2.596"/>
  <testcase name="user enters username dev" classname="User shall be able to login if password corresponds to the username" time="1.329"/>
  <testcase name="user enters username dev" classname="User shall be able to login if password corresponds to the username" time="0.686"/>
  <testcase name="user enters password wizard" classname="User shall be able to login if password corresponds to the username" time="0.339"/>
  <testcase name="user enters username tester" classname="User shall be able to login if password corresponds to the username" time="0.745"/>
  <testcase name="user enters password maniac" classname="User shall be able to login if password corresponds to the username" time="0.163"/>
  <testcase name="user enters password maniac" classname="User shall be able to login if password corresponds to the username" time="0.336"/>
  <testcase name="user enters password wrong" classname="User shall be able to login if password corresponds to the username" time="0.216"/>
  <testcase name="user should see a message Wrong credentials" classname="User shall be able to login if password corresponds to the username" time="0.306"/>
  <testcase name="user enters password " classname="User shall be able to login if password corresponds to the username" time="0.109"/>
  <testcase name="user should see a message To get the full hero experience, you’ll need to log in" classname="User shall be able to login if password corresponds to the username" time="0.091"/>
  <testcase name="user should see a message To get the full hero experience, you’ll need to log in" classname="User shall be able to login if password corresponds to the username" time="0.159"/>
  <testcase name="user enters username " classname="User shall be able to login if password corresponds to the username" time="1.536"/>
</testsuite>