<?xml version="1.0" encoding="UTF-8"?>
<testsuite xmlns:xsi="http://www.w3.org/2001/XMLSchema-instance" xsi:noNamespaceSchemaLocation="https://maven.apache.org/surefire/maven-surefire-plugin/xsd/surefire-test-report.xsd" name="testRunner.SignupTestRunner" time="200.264" tests="70" errors="0" skipped="0" failures="6">
  <properties>
[...]
</properties>
  <testcase name="user is on the signup page" classname="User shall be able to sign up if required data is correctly informed" time="7.764"/>
  <testcase name="user enters the data" classname="User shall be able to sign up if required data is correctly informed" time="1.67"/>
  <testcase name="user clicks submit button" classname="User shall be able to sign up if required data is correctly informed" time="0.077"/>
  <testcase name="user should see a welcome message Welcome to your new profile page" classname="User shall be able to sign up if required data is correctly informed" time="0.125"/>
  <testcase name="User shall be able to sign up if required data is correctly informed" classname="User shall be able to sign up if required data is correctly informed" time="1.641"/>
  <testcase name="user is on the signup page" classname="User shall not be able to sign up if username already exists" time="7.517"/>
  <testcase name="user enters the data" classname="User shall not be able to sign up if username already exists" time="1.851"/>
  <testcase name="user clicks submit button" classname="User shall not be able to sign up if username already exists" time="0.148"/>
  <testcase name="user should see a warning message This hero is already registered. Try another one!" classname="User shall not be able to sign up if username already exists" time="0.088"/>
  <testcase name="User shall not be able to sign up if username already exists" classname="User shall not be able to sign up if username already exists" time="1.477"/>
  <testcase name="user is on the signup page" classname="User shall not be able to sign up if email is already registered" time="7.095"/>
  <testcase name="user enters the data" classname="User shall not be able to sign up if email is already registered" time="1.774"/>
  <testcase name="user clicks submit button" classname="User shall not be able to sign up if email is already registered" time="0.054"/>
  <testcase name="user should see a warning message This hero is already registered. Try another one!" classname="User shall not be able to sign up if email is already registered" time="0.112"/>
  <testcase name="User shall not be able to sign up if email is already registered" classname="User shall not be able to sign up if email is already registered" time="1.627"/>
  <testcase name="user is on the signup page" classname="User shall inform all required fields to create a profile" time="7.263"/>
  <testcase name="user is on the signup page" classname="User shall inform all required fields to create a profile" time="7.162"/>
  <testcase name="user is on the signup page" classname="User shall inform all required fields to create a profile" time="7.056"/>
  <testcase name="user is on the signup page" classname="User shall inform all required fields to create a profile" time="8.836"/>
  <testcase name="user enters the data ,1234,John,john@email.com and 1-January-1987" classname="User shall inform all required fields to create a profile" time="1.575"/>
  <testcase name="user clicks submit button" classname="User shall inform all required fields to create a profile" time="0.059"/>
  <testcase name="user clicks submit button" classname="User shall inform all required fields to create a profile" time="0.071"/>
  <testcase name="user clicks submit button" classname="User shall inform all required fields to create a profile" time="0.042"/>
  <testcase name="user clicks submit button" classname="User shall inform all required fields to create a profile" time="0.058"/>
  <testcase name="user should see a hint informing that the field username should be populated" classname="User shall inform all required fields to create a profile" time="0.096"/>
  <testcase name="User shall inform all required fields to create a profile" classname="User shall inform all required fields to create a profile" time="1.681"/>
  <testcase name="User shall inform all required fields to create a profile" classname="User shall inform all required fields to create a profile" time="1.92"/>
  <testcase name="User shall inform all required fields to create a profile" classname="User shall inform all required fields to create a profile" time="1.415"/>
  <testcase name="User shall inform all required fields to create a profile" classname="User shall inform all required fields to create a profile" time="2.239"/>
  <testcase name="user enters the data usern,,John,john@email.com and 1-January-1987" classname="User shall inform all required fields to create a profile" time="1.773"/>
  <testcase name="user should see a hint informing that the field password should be populated" classname="User shall inform all required fields to create a profile" time="0.12"/>
  <testcase name="user enters the data usern,1234,,john@email.com and 1-January-1987" classname="User shall inform all required fields to create a profile" time="1.979"/>
  <testcase name="user should see a hint informing that the field name should be populated" classname="User shall inform all required fields to create a profile" time="0.078"/>
  <testcase name="user enters the data usern,1234,John, and 1-January-1987" classname="User shall inform all required fields to create a profile" time="1.629"/>
  <testcase name="user should see a hint informing that the field email should be populated" classname="User shall inform all required fields to create a profile" time="0.12"/>
  <testcase name="user is on the signup page" classname="User shall inform a valid date to sign up" time="8.103"/>
  <testcase name="user is on the signup page" classname="User shall inform a valid date to sign up" time="7.026"/>
  <testcase name="user is on the signup page" classname="User shall inform a valid date to sign up" time="6.817"/>
  <testcase name="user enters the data mary,pass123,Mary Smith,mary@email.com and 30-February-1990" classname="User shall inform a valid date to sign up" time="3.39"/>
  <testcase name="user clicks submit button" classname="User shall inform a valid date to sign up" time="0.086"/>
  <testcase name="user clicks submit button" classname="User shall inform a valid date to sign up" time="0.097"/>
  <testcase name="user clicks submit button" classname="User shall inform a valid date to sign up" time="0.036"/>
  <testcase name="user should not see a welcome message Welcome to your new profile page" classname="User shall inform a valid date to sign up" time="10.537"/>
  <testcase name="user should not see a welcome message Welcome to your new profile page" classname="User shall inform a valid date to sign up" time="0.122">
    <failure message="Expected org.openqa.selenium.TimeoutException to be thrown, but nothing was thrown." type="org.opentest4j.AssertionFailedError">org.opentest4j.AssertionFailedError: Expected org.openqa.selenium.TimeoutException to be thrown, but nothing was thrown.
</failure>
  </testcase>
  <testcase name="user should not see a welcome message Welcome to your new profile page" classname="User shall inform a valid date to sign up" time="0.101">
    <failure message="Expected org.openqa.selenium.TimeoutException to be thrown, but nothing was thrown." type="org.opentest4j.AssertionFailedError">org.opentest4j.AssertionFailedError: Expected org.openqa.selenium.TimeoutException to be thrown, but nothing was thrown.
</failure>
  </testcase>
  <testcase name="User shall inform a valid date to sign up" classname="User shall inform a valid date to sign up" time="11.902"/>
  <testcase name="User shall inform a valid date to sign up" classname="User shall inform a valid date to sign up" time="1.651">
    <failure message="Expected org.openqa.selenium.TimeoutException to be thrown, but nothing was thrown." type="org.opentest4j.AssertionFailedError">org.opentest4j.AssertionFailedError: Expected org.openqa.selenium.TimeoutException to be thrown, but nothing was thrown.
</failure>
  </testcase>
  <testcase name="User shall inform a valid date to sign up" classname="User shall inform a valid date to sign up" time="1.46">
    <failure message="Expected org.openqa.selenium.TimeoutException to be thrown, but nothing was thrown." type="org.opentest4j.AssertionFailedError">org.opentest4j.AssertionFailedError: Expected org.openqa.selenium.TimeoutException to be thrown, but nothing was thrown.
</failure>
  </testcase>
  <testcase name="user enters the data mary,pass123,Mary Smith,mary@email.com and 31-June-2000" classname="User shall inform a valid date to sign up" time="2.099"/>
  <testcase name="user enters the data mary,pass123,Mary Smith,mary@email.com and 31-December-2019" classname="User shall inform a valid date to sign up" time="1.777"/>
  <testcase name="user is on the signup page" classname="User shall inform a valid email to sign up" time="7.135"/>
  <testcase name="user is on the signup page" classname="User shall inform a valid email to sign up" time="7.456"/>
  <testcase name="user is on the signup page" classname="User shall inform a valid email to sign up" time="7.633"/>
  <testcase name="user is on the signup page" classname="User shall inform a valid email to sign up" time="7.349"/>
  <testcase name="user enters the data ggm1,pass123,Gladis,ggm1@email and 6-March-1964" classname="User shall inform a valid email to sign up" time="2.243"/>
  <testcase name="user clicks submit button" classname="User shall inform a valid email to sign up" time="0.07"/>
  <testcase name="user clicks submit button" classname="User shall inform a valid email to sign up" time="0.125"/>
  <testcase name="user clicks submit button" classname="User shall inform a valid email to sign up" time="0.055"/>
  <testcase name="user clicks submit button" classname="User shall inform a valid email to sign up" time="0.077"/>
  <testcase name="user should not see a welcome message Welcome to your new profile page" classname="User shall inform a valid email to sign up" time="0.104">
    <failure message="Expected org.openqa.selenium.TimeoutException to be thrown, but nothing was thrown." type="org.opentest4j.AssertionFailedError">org.opentest4j.AssertionFailedError: Expected org.openqa.selenium.TimeoutException to be thrown, but nothing was thrown.
</failure>
  </testcase>
  <testcase name="user should not see a welcome message Welcome to your new profile page" classname="User shall inform a valid email to sign up" time="10.397"/>
  <testcase name="user should not see a welcome message Welcome to your new profile page" classname="User shall inform a valid email to sign up" time="10.4"/>
  <testcase name="user should not see a welcome message Welcome to your new profile page" classname="User shall inform a valid email to sign up" time="10.532"/>
  <testcase name="User shall inform a valid email to sign up" classname="User shall inform a valid email to sign up" time="1.806">
    <failure message="Expected org.openqa.selenium.TimeoutException to be thrown, but nothing was thrown." type="org.opentest4j.AssertionFailedError">org.opentest4j.AssertionFailedError: Expected org.openqa.selenium.TimeoutException to be thrown, but nothing was thrown.
</failure>
  </testcase>
  <testcase name="User shall inform a valid email to sign up" classname="User shall inform a valid email to sign up" time="12.66"/>
  <testcase name="User shall inform a valid email to sign up" classname="User shall inform a valid email to sign up" time="12.001"/>
  <testcase name="User shall inform a valid email to sign up" classname="User shall inform a valid email to sign up" time="13.255"/>
  <testcase name="user enters the data ggm1,pass123,Gladis,ggm1.email.com and 6-March-1964" classname="User shall inform a valid email to sign up" time="1.795"/>
  <testcase name="user enters the data ggm1,pass123,Gladis,@ggm1email.com and 6-March-1964" classname="User shall inform a valid email to sign up" time="1.916"/>
  <testcase name="user enters the data ggm1,pass123,Gladis,ggm1@email. and 6-March-1964" classname="User shall inform a valid email to sign up" time="2.525"/>
</testsuite>